<?xml version="1.0" encoding="UTF-8"?>
<!-- Generated by org.testng.reporters.JUnitXMLReporter -->
<testsuite ignored="0" hostname="DESKTOP-U4CTL14" failures="1" tests="1" name="YatraAutomationTestCases" time="34.389" errors="0" timestamp="2023-08-02T20:41:14 IST">
  <testcase classname="TestCases.TC_002_FilterFlights" name="Filter_Flight" time="21.293">
    <failure type="java.lang.AssertionError" message="Failed">
      <![CDATA[java.lang.AssertionError: Failed
at TestCases.TC_002_FilterFlights.Filter_Flight(TC_002_FilterFlights.java:69)
at java.base/java.util.ArrayList.forEach(ArrayList.java:1511)
... Removed 32 stack frames]]>
    </failure>
  </testcase> <!-- Filter_Flight -->
</testsuite> <!-- YatraAutomationTestCases -->
