<?xml version="1.0" encoding="UTF-8"?>
<!-- Generated by org.testng.reporters.JUnitXMLReporter -->
<testsuite ignored="0" hostname="DESKTOP-U4CTL14" failures="1" tests="1" name="YatraAutomationTestCases(failed)" time="13.905" errors="0" timestamp="2023-06-10T13:39:51 IST">
  <testcase classname="TestCases.TC_001_LoginTest" name="login_test" time="5.931">
    <failure type="java.lang.AssertionError" message="Failed">
      <![CDATA[java.lang.AssertionError: Failed
at TestCases.TC_001_LoginTest.login_test(TC_001_LoginTest.java:60)
at java.base/java.util.ArrayList.forEach(ArrayList.java:1511)
... Removed 28 stack frames]]>
    </failure>
  </testcase> <!-- login_test -->
</testsuite> <!-- YatraAutomationTestCases(failed) -->
